
> pulsequiz-live@0.1.0 local
> npm run build:all && cross-env NODE_ENV=production node dist-server/server.js


> pulsequiz-live@0.1.0 build:all
> npm run build && npm run build:server


> pulsequiz-live@0.1.0 build
> next build

   ▲ Next.js 15.5.12

   Creating an optimized production build ...
 ✓ Compiled successfully in 17.4s
   Linting and checking validity of types ...
   Collecting page data ...
   Generating static pages (0/4) ...
   Generating static pages (1/4) 
   Generating static pages (2/4) 
   Generating static pages (3/4) 
 ✓ Generating static pages (4/4)
   Finalizing page optimization ...
   Collecting build traces ...

Route (app)                                 Size  First Load JS
┌ ○ /                                    4.41 kB         120 kB
├ ○ /_not-found                            991 B         103 kB
├ ƒ /host/[roomCode]                     4.97 kB         135 kB
├ ƒ /join/[roomCode]                     4.79 kB         120 kB
└ ƒ /stage/[roomCode]                    1.07 kB         131 kB
+ First Load JS shared by all             102 kB
  ├ chunks/255-ebd51be49873d76c.js         46 kB
  ├ chunks/4bd1b696-c023c6e3521b1417.js  54.2 kB
  └ other shared chunks (total)          1.99 kB


○  (Static)   prerendered as static content
ƒ  (Dynamic)  server-rendered on demand


> pulsequiz-live@0.1.0 build:server
> tsc -p tsconfig.server.json && node scripts/write-dist-server-package.cjs

PulseQuiz Live ready at http://0.0.0.0:3003
